

*******************************************************************************
Thu Nov  9 22:38:34 2023


FIT:    data read from 'colector.csv' using (fx($1,$3,$4)):(fy($5/60, Cp, $1, $2,Ac,$4))
        format = x:z
        #datapoints = 22
        residuals are weighted equally (unit weight)

function used for fitting: f(x)
	f(x) = m*x+b
fitted parameters initialized with current variable values

iter      chisq       delta/lim  lambda   m             b            
   0 5.5580883320e+01   0.00e+00  7.07e-01    1.000000e+00   1.000000e+00
   5 3.4485787854e-02  -1.38e-06  7.07e-06    6.420898e+00  -6.448222e-01

After 5 iterations the fit converged.
final sum of squares of residuals : 0.0344858
rel. change during last iteration : -1.37674e-11

degrees of freedom    (FIT_NDF)                        : 20
rms of residuals      (FIT_STDFIT) = sqrt(WSSR/ndf)    : 0.0415246
variance of residuals (reduced chisquare) = WSSR/ndf   : 0.00172429

Final set of parameters            Asymptotic Standard Error
=======================            ==========================
m               = 6.4209           +/- 0.8244       (12.84%)
b               = -0.644822        +/- 0.01238      (1.92%)

correlation matrix of the fit parameters:
                m      b      
m               1.000 
b              -0.699  1.000 


*******************************************************************************
Thu Nov  9 22:40:06 2023


FIT:    data read from 'colector.csv' using (fx($1,$3,$4)):(fy($5/60, Cp, $1, $2,Ac,$4))
        format = x:z
        #datapoints = 22
        residuals are weighted equally (unit weight)

function used for fitting: f(x)
	f(x) = m*x+b
fitted parameters initialized with current variable values

iter      chisq       delta/lim  lambda   m             b            
   0 3.4485787854e-02   0.00e+00  4.61e-01    6.420898e+00  -6.448222e-01
   1 3.4485787854e-02  -4.02e-11  4.61e-02    6.420898e+00  -6.448222e-01

After 1 iterations the fit converged.
final sum of squares of residuals : 0.0344858
rel. change during last iteration : -4.0242e-16

degrees of freedom    (FIT_NDF)                        : 20
rms of residuals      (FIT_STDFIT) = sqrt(WSSR/ndf)    : 0.0415246
variance of residuals (reduced chisquare) = WSSR/ndf   : 0.00172429

Final set of parameters            Asymptotic Standard Error
=======================            ==========================
m               = 6.4209           +/- 0.8244       (12.84%)
b               = -0.644822        +/- 0.01238      (1.92%)

correlation matrix of the fit parameters:
                m      b      
m               1.000 
b              -0.699  1.000 


*******************************************************************************
Thu Nov  9 22:40:59 2023


FIT:    data read from 'colector.csv' using (fx($1,$3,$4)):(fy($5/60, Cp, $1, $2,Ac,$4))
        format = x:z
        #datapoints = 22
        residuals are weighted equally (unit weight)

function used for fitting: f(x)
	f(x) = m*x+b
fitted parameters initialized with current variable values

iter      chisq       delta/lim  lambda   m             b            
   0 3.4485787854e-02   0.00e+00  4.61e-01    6.420898e+00  -6.448222e-01
   1 3.4485787854e-02   0.00e+00  4.61e+01    6.420898e+00  -6.448222e-01

After 1 iterations the fit converged.
final sum of squares of residuals : 0.0344858
rel. change during last iteration : 0

degrees of freedom    (FIT_NDF)                        : 20
rms of residuals      (FIT_STDFIT) = sqrt(WSSR/ndf)    : 0.0415246
variance of residuals (reduced chisquare) = WSSR/ndf   : 0.00172429

Final set of parameters            Asymptotic Standard Error
=======================            ==========================
m               = 6.4209           +/- 0.8244       (12.84%)
b               = -0.644822        +/- 0.01238      (1.92%)

correlation matrix of the fit parameters:
                m      b      
m               1.000 
b              -0.699  1.000 


*******************************************************************************
Thu Nov  9 22:44:33 2023


FIT:    data read from 'colector.csv' using (fx($1,$3,$4)):(fy($5/60, Cp, $2, $1,Ac,$4))
        format = x:z
        #datapoints = 22
        residuals are weighted equally (unit weight)

function used for fitting: f(x)
	f(x) = m*x+b
fitted parameters initialized with current variable values

iter      chisq       delta/lim  lambda   m             b            
   0 4.3007008494e+00   0.00e+00  7.07e-01    1.000000e+00   1.000000e+00
   5 3.4485787854e-02  -2.56e-06  7.07e-06   -6.420898e+00   6.448222e-01

After 5 iterations the fit converged.
final sum of squares of residuals : 0.0344858
rel. change during last iteration : -2.56102e-11

degrees of freedom    (FIT_NDF)                        : 20
rms of residuals      (FIT_STDFIT) = sqrt(WSSR/ndf)    : 0.0415246
variance of residuals (reduced chisquare) = WSSR/ndf   : 0.00172429

Final set of parameters            Asymptotic Standard Error
=======================            ==========================
m               = -6.4209          +/- 0.8244       (12.84%)
b               = 0.644822         +/- 0.01238      (1.92%)

correlation matrix of the fit parameters:
                m      b      
m               1.000 
b              -0.699  1.000 


*******************************************************************************
Thu Nov  9 22:44:58 2023


FIT:    data read from 'colector.csv' using (fx($1,$3,$4)):(fy($5/60, Cp, $2, $1,Ac,$4))
        format = x:z
        #datapoints = 22
        residuals are weighted equally (unit weight)

function used for fitting: f(x)
	f(x) = m*x+b
fitted parameters initialized with current variable values

iter      chisq       delta/lim  lambda   m             b            
   0 3.4485787854e-02   0.00e+00  4.61e-01   -6.420898e+00   6.448222e-01
   1 3.4485787854e-02   0.00e+00  4.61e-02   -6.420898e+00   6.448222e-01

After 1 iterations the fit converged.
final sum of squares of residuals : 0.0344858
rel. change during last iteration : 0

degrees of freedom    (FIT_NDF)                        : 20
rms of residuals      (FIT_STDFIT) = sqrt(WSSR/ndf)    : 0.0415246
variance of residuals (reduced chisquare) = WSSR/ndf   : 0.00172429

Final set of parameters            Asymptotic Standard Error
=======================            ==========================
m               = -6.4209          +/- 0.8244       (12.84%)
b               = 0.644822         +/- 0.01238      (1.92%)

correlation matrix of the fit parameters:
                m      b      
m               1.000 
b              -0.699  1.000 


*******************************************************************************
Thu Nov  9 22:45:49 2023


FIT:    data read from 'colector.csv' using (fx($1,$3,$4)):(fy($5/60, Cp, $2, $1,Ac,$4))
        format = x:z
        #datapoints = 22
        residuals are weighted equally (unit weight)

function used for fitting: f(x)
	f(x) = m*x+b
fitted parameters initialized with current variable values

iter      chisq       delta/lim  lambda   m             b            
   0 3.4485787854e-02   0.00e+00  4.61e-01   -6.420898e+00   6.448222e-01
   1 3.4485787854e-02   0.00e+00  4.61e-02   -6.420898e+00   6.448222e-01

After 1 iterations the fit converged.
final sum of squares of residuals : 0.0344858
rel. change during last iteration : 0

degrees of freedom    (FIT_NDF)                        : 20
rms of residuals      (FIT_STDFIT) = sqrt(WSSR/ndf)    : 0.0415246
variance of residuals (reduced chisquare) = WSSR/ndf   : 0.00172429

Final set of parameters            Asymptotic Standard Error
=======================            ==========================
m               = -6.4209          +/- 0.8244       (12.84%)
b               = 0.644822         +/- 0.01238      (1.92%)

correlation matrix of the fit parameters:
                m      b      
m               1.000 
b              -0.699  1.000 


*******************************************************************************
Thu Nov  9 22:45:59 2023


FIT:    data read from 'colector.csv' using (fx($1,$3,$4)):(fy($5/60, Cp, $2, $1,Ac,$4))
        format = x:z
        #datapoints = 22
        residuals are weighted equally (unit weight)

function used for fitting: f(x)
	f(x) = m*x+b
fitted parameters initialized with current variable values

iter      chisq       delta/lim  lambda   m             b            
   0 3.4485787854e-02   0.00e+00  4.61e-01   -6.420898e+00   6.448222e-01
   1 3.4485787854e-02  -2.01e-11  4.61e-02   -6.420898e+00   6.448222e-01

After 1 iterations the fit converged.
final sum of squares of residuals : 0.0344858
rel. change during last iteration : -2.0121e-16

degrees of freedom    (FIT_NDF)                        : 20
rms of residuals      (FIT_STDFIT) = sqrt(WSSR/ndf)    : 0.0415246
variance of residuals (reduced chisquare) = WSSR/ndf   : 0.00172429

Final set of parameters            Asymptotic Standard Error
=======================            ==========================
m               = -6.4209          +/- 0.8244       (12.84%)
b               = 0.644822         +/- 0.01238      (1.92%)

correlation matrix of the fit parameters:
                m      b      
m               1.000 
b              -0.699  1.000 


*******************************************************************************
Thu Nov  9 22:46:03 2023


FIT:    data read from 'colector.csv' using (fx($1,$3,$4)):(fy($5/60, Cp, $2, $1,Ac,$4))
        format = x:z
        #datapoints = 22
        residuals are weighted equally (unit weight)

function used for fitting: f(x)
	f(x) = m*x+b
fitted parameters initialized with current variable values

iter      chisq       delta/lim  lambda   m             b            
   0 3.4485787854e-02   0.00e+00  4.61e-01   -6.420898e+00   6.448222e-01
   1 3.4485787854e-02  -4.02e-11  4.61e-02   -6.420898e+00   6.448222e-01

After 1 iterations the fit converged.
final sum of squares of residuals : 0.0344858
rel. change during last iteration : -4.0242e-16

degrees of freedom    (FIT_NDF)                        : 20
rms of residuals      (FIT_STDFIT) = sqrt(WSSR/ndf)    : 0.0415246
variance of residuals (reduced chisquare) = WSSR/ndf   : 0.00172429

Final set of parameters            Asymptotic Standard Error
=======================            ==========================
m               = -6.4209          +/- 0.8244       (12.84%)
b               = 0.644822         +/- 0.01238      (1.92%)

correlation matrix of the fit parameters:
                m      b      
m               1.000 
b              -0.699  1.000 


*******************************************************************************
Thu Nov  9 22:46:14 2023


FIT:    data read from 'colector.csv' using (fx($1,$3,$4)):(fy($5/60, Cp, $2, $1,Ac,$4))
        format = x:z
        #datapoints = 22
        residuals are weighted equally (unit weight)

function used for fitting: f(x)
	f(x) = m*x+b
fitted parameters initialized with current variable values

iter      chisq       delta/lim  lambda   m             b            
   0 3.4485787854e-02   0.00e+00  4.61e-01   -6.420898e+00   6.448222e-01
   1 3.4485787854e-02   0.00e+00  4.61e-01   -6.420898e+00   6.448222e-01

After 1 iterations the fit converged.
final sum of squares of residuals : 0.0344858
rel. change during last iteration : 0

degrees of freedom    (FIT_NDF)                        : 20
rms of residuals      (FIT_STDFIT) = sqrt(WSSR/ndf)    : 0.0415246
variance of residuals (reduced chisquare) = WSSR/ndf   : 0.00172429

Final set of parameters            Asymptotic Standard Error
=======================            ==========================
m               = -6.4209          +/- 0.8244       (12.84%)
b               = 0.644822         +/- 0.01238      (1.92%)

correlation matrix of the fit parameters:
                m      b      
m               1.000 
b              -0.699  1.000 


*******************************************************************************
Thu Nov  9 22:46:33 2023


FIT:    data read from 'colector.csv' using (fx($1,$3,$4)):(fy($5/60, Cp, $2, $1,Ac,$4))
        format = x:z
        #datapoints = 22
        residuals are weighted equally (unit weight)

function used for fitting: f(x)
	f(x) = m*x+b
fitted parameters initialized with current variable values

iter      chisq       delta/lim  lambda   m             b            
   0 3.4485787854e-02   0.00e+00  4.61e-01   -6.420898e+00   6.448222e-01
   1 3.4485787854e-02   0.00e+00  4.61e+00   -6.420898e+00   6.448222e-01

After 1 iterations the fit converged.
final sum of squares of residuals : 0.0344858
rel. change during last iteration : 0

degrees of freedom    (FIT_NDF)                        : 20
rms of residuals      (FIT_STDFIT) = sqrt(WSSR/ndf)    : 0.0415246
variance of residuals (reduced chisquare) = WSSR/ndf   : 0.00172429

Final set of parameters            Asymptotic Standard Error
=======================            ==========================
m               = -6.4209          +/- 0.8244       (12.84%)
b               = 0.644822         +/- 0.01238      (1.92%)

correlation matrix of the fit parameters:
                m      b      
m               1.000 
b              -0.699  1.000 


*******************************************************************************
Thu Nov  9 22:46:43 2023


FIT:    data read from 'colector.csv' using (fx($1,$3,$4)):(fy($5/60, Cp, $2, $1,Ac,$4))
        format = x:z
        #datapoints = 22
        residuals are weighted equally (unit weight)

function used for fitting: f(x)
	f(x) = m*x+b
fitted parameters initialized with current variable values

iter      chisq       delta/lim  lambda   m             b            
   0 3.4485787854e-02   0.00e+00  4.61e-01   -6.420898e+00   6.448222e-01
   1 3.4485787854e-02   0.00e+00  4.61e+00   -6.420898e+00   6.448222e-01

After 1 iterations the fit converged.
final sum of squares of residuals : 0.0344858
rel. change during last iteration : 0

degrees of freedom    (FIT_NDF)                        : 20
rms of residuals      (FIT_STDFIT) = sqrt(WSSR/ndf)    : 0.0415246
variance of residuals (reduced chisquare) = WSSR/ndf   : 0.00172429

Final set of parameters            Asymptotic Standard Error
=======================            ==========================
m               = -6.4209          +/- 0.8244       (12.84%)
b               = 0.644822         +/- 0.01238      (1.92%)

correlation matrix of the fit parameters:
                m      b      
m               1.000 
b              -0.699  1.000 


*******************************************************************************
Thu Nov  9 22:47:18 2023


FIT:    data read from 'colector.csv' using (fx($1,$3,$4)):(fy($5/60, Cp, $2, $1,Ac,$4))
        format = x:z
        #datapoints = 22
        residuals are weighted equally (unit weight)

function used for fitting: f(x)
	f(x) = m*x+b
fitted parameters initialized with current variable values

iter      chisq       delta/lim  lambda   m             b            
   0 3.4485787854e-02   0.00e+00  4.61e-01   -6.420898e+00   6.448222e-01
   1 3.4485787854e-02   0.00e+00  4.61e+00   -6.420898e+00   6.448222e-01

After 1 iterations the fit converged.
final sum of squares of residuals : 0.0344858
rel. change during last iteration : 0

degrees of freedom    (FIT_NDF)                        : 20
rms of residuals      (FIT_STDFIT) = sqrt(WSSR/ndf)    : 0.0415246
variance of residuals (reduced chisquare) = WSSR/ndf   : 0.00172429

Final set of parameters            Asymptotic Standard Error
=======================            ==========================
m               = -6.4209          +/- 0.8244       (12.84%)
b               = 0.644822         +/- 0.01238      (1.92%)

correlation matrix of the fit parameters:
                m      b      
m               1.000 
b              -0.699  1.000 


*******************************************************************************
Thu Nov  9 22:47:36 2023


FIT:    data read from 'colector.csv' using (fx($1,$3,$4)):(fy($5/60, Cp, $2, $1,Ac,$4))
        format = x:z
        #datapoints = 22
        residuals are weighted equally (unit weight)

function used for fitting: f(x)
	f(x) = m*x+b
fitted parameters initialized with current variable values

iter      chisq       delta/lim  lambda   m             b            
   0 3.4485787854e-02   0.00e+00  4.61e-01   -6.420898e+00   6.448222e-01
   1 3.4485787854e-02   0.00e+00  4.61e+00   -6.420898e+00   6.448222e-01

After 1 iterations the fit converged.
final sum of squares of residuals : 0.0344858
rel. change during last iteration : 0

degrees of freedom    (FIT_NDF)                        : 20
rms of residuals      (FIT_STDFIT) = sqrt(WSSR/ndf)    : 0.0415246
variance of residuals (reduced chisquare) = WSSR/ndf   : 0.00172429

Final set of parameters            Asymptotic Standard Error
=======================            ==========================
m               = -6.4209          +/- 0.8244       (12.84%)
b               = 0.644822         +/- 0.01238      (1.92%)

correlation matrix of the fit parameters:
                m      b      
m               1.000 
b              -0.699  1.000 


*******************************************************************************
Thu Nov  9 22:47:47 2023


FIT:    data read from 'colector.csv' using (fx($1,$3,$4)):(fy($5/60, Cp, $2, $1,Ac,$4))
        format = x:z
        #datapoints = 22
        residuals are weighted equally (unit weight)

function used for fitting: f(x)
	f(x) = m*x+b
fitted parameters initialized with current variable values

iter      chisq       delta/lim  lambda   m             b            
   0 3.4485787854e-02   0.00e+00  4.61e-01   -6.420898e+00   6.448222e-01
   1 3.4485787854e-02   0.00e+00  4.61e+00   -6.420898e+00   6.448222e-01

After 1 iterations the fit converged.
final sum of squares of residuals : 0.0344858
rel. change during last iteration : 0

degrees of freedom    (FIT_NDF)                        : 20
rms of residuals      (FIT_STDFIT) = sqrt(WSSR/ndf)    : 0.0415246
variance of residuals (reduced chisquare) = WSSR/ndf   : 0.00172429

Final set of parameters            Asymptotic Standard Error
=======================            ==========================
m               = -6.4209          +/- 0.8244       (12.84%)
b               = 0.644822         +/- 0.01238      (1.92%)

correlation matrix of the fit parameters:
                m      b      
m               1.000 
b              -0.699  1.000 


*******************************************************************************
Thu Nov  9 22:48:16 2023


FIT:    data read from 'colector.csv' using (fx($1,$3,$4)):(fy($5/60, Cp, $2, $1,Ac,$4))
        format = x:z
        #datapoints = 22
        residuals are weighted equally (unit weight)

function used for fitting: f(x)
	f(x) = m*x+b
fitted parameters initialized with current variable values

iter      chisq       delta/lim  lambda   m             b            
   0 3.4485787854e-02   0.00e+00  4.61e-01   -6.420898e+00   6.448222e-01
   1 3.4485787854e-02   0.00e+00  4.61e+00   -6.420898e+00   6.448222e-01

After 1 iterations the fit converged.
final sum of squares of residuals : 0.0344858
rel. change during last iteration : 0

degrees of freedom    (FIT_NDF)                        : 20
rms of residuals      (FIT_STDFIT) = sqrt(WSSR/ndf)    : 0.0415246
variance of residuals (reduced chisquare) = WSSR/ndf   : 0.00172429

Final set of parameters            Asymptotic Standard Error
=======================            ==========================
m               = -6.4209          +/- 0.8244       (12.84%)
b               = 0.644822         +/- 0.01238      (1.92%)

correlation matrix of the fit parameters:
                m      b      
m               1.000 
b              -0.699  1.000 


*******************************************************************************
Thu Nov  9 22:49:10 2023


FIT:    data read from 'colector.csv' using (fx($1,$3,$4)):(fy($5/60, Cp, $2, $1,Ac,$4))
        format = x:z
        #datapoints = 22
        residuals are weighted equally (unit weight)

function used for fitting: f(x)
	f(x) = m*x+b
fitted parameters initialized with current variable values

iter      chisq       delta/lim  lambda   m             b            
   0 4.3007008494e+00   0.00e+00  7.07e-01    1.000000e+00   1.000000e+00
   5 3.4485787854e-02  -2.56e-06  7.07e-06   -6.420898e+00   6.448222e-01

After 5 iterations the fit converged.
final sum of squares of residuals : 0.0344858
rel. change during last iteration : -2.56102e-11

degrees of freedom    (FIT_NDF)                        : 20
rms of residuals      (FIT_STDFIT) = sqrt(WSSR/ndf)    : 0.0415246
variance of residuals (reduced chisquare) = WSSR/ndf   : 0.00172429

Final set of parameters            Asymptotic Standard Error
=======================            ==========================
m               = -6.4209          +/- 0.8244       (12.84%)
b               = 0.644822         +/- 0.01238      (1.92%)

correlation matrix of the fit parameters:
                m      b      
m               1.000 
b              -0.699  1.000 
